c:\users\georgio\source\repos\securesoftware\securesoftware\authenticator\x64\debug\vc141.pdb
c:\users\georgio\source\repos\securesoftware\securesoftware\authenticator\x64\debug\vc141.idb
c:\users\georgio\source\repos\securesoftware\securesoftware\authenticator\x64\debug\wind.obj
c:\users\georgio\source\repos\securesoftware\securesoftware\authenticator\x64\debug\temperature.obj
c:\users\georgio\source\repos\securesoftware\securesoftware\authenticator\x64\debug\subject.obj
c:\users\georgio\source\repos\securesoftware\securesoftware\authenticator\x64\debug\proofofid.obj
c:\users\georgio\source\repos\securesoftware\securesoftware\authenticator\x64\debug\main.obj
c:\users\georgio\source\repos\securesoftware\securesoftware\authenticator\x64\debug\login.obj
c:\users\georgio\source\repos\securesoftware\securesoftware\authenticator\x64\debug\humidity.obj
c:\users\georgio\source\repos\securesoftware\securesoftware\authenticator\x64\debug\authenticator.obj
c:\users\georgio\source\repos\securesoftware\securesoftware\authenticator\x64\debug\authenticationinfo.obj
c:\users\georgio\source\repos\securesoftware\securesoftware\authenticator\x64\debug\sensors.obj
c:\users\georgio\source\repos\securesoftware\securesoftware\x64\debug\securesoftware.exe
c:\users\georgio\source\repos\securesoftware\securesoftware\x64\debug\securesoftware.ilk
c:\users\georgio\source\repos\securesoftware\securesoftware\x64\debug\securesoftware.pdb
c:\users\georgio\source\repos\securesoftware\securesoftware\authenticator\x64\debug\wind.obj.enc
c:\users\georgio\source\repos\securesoftware\securesoftware\authenticator\x64\debug\securesoftware.tlog\cl.command.1.tlog
c:\users\georgio\source\repos\securesoftware\securesoftware\authenticator\x64\debug\securesoftware.tlog\cl.read.1.tlog
c:\users\georgio\source\repos\securesoftware\securesoftware\authenticator\x64\debug\securesoftware.tlog\cl.write.1.tlog
c:\users\georgio\source\repos\securesoftware\securesoftware\authenticator\x64\debug\securesoftware.tlog\link.command.1.tlog
c:\users\georgio\source\repos\securesoftware\securesoftware\authenticator\x64\debug\securesoftware.tlog\link.read.1.tlog
c:\users\georgio\source\repos\securesoftware\securesoftware\authenticator\x64\debug\securesoftware.tlog\link.write.1.tlog
